INFO: [VRFC 10-163] Analyzing VHDL file "C:/Users/Zach/Desktop/ComputerS/year2/semester II/Computer Architecture/MIPS16bits/MIPS16bits.srcs/sources_1/new/InstructionDecode.vhd" into library xil_defaultlib
INFO: [VRFC 10-3107] analyzing entity 'InstructionDecode'
INFO: [VRFC 10-163] Analyzing VHDL file "C:/Users/Zach/Desktop/ComputerS/year2/semester II/Computer Architecture/MIPS16bits/MIPS16bits.srcs/sources_1/new/MainControl.vhd" into library xil_defaultlib
INFO: [VRFC 10-3107] analyzing entity 'MainControl'
INFO: [VRFC 10-163] Analyzing VHDL file "C:/Users/Zach/Desktop/ComputerS/year2/semester II/Computer Architecture/MIPS16bits/MIPS16bits.srcs/sources_1/new/SSD.vhd" into library xil_defaultlib
INFO: [VRFC 10-3107] analyzing entity 'SSD'
INFO: [VRFC 10-163] Analyzing VHDL file "C:/Users/Zach/Desktop/ComputerS/year2/semester II/Computer Architecture/MIPS16bits/MIPS16bits.srcs/sources_1/new/debouncer.vhd" into library xil_defaultlib
INFO: [VRFC 10-3107] analyzing entity 'debouncer'
INFO: [VRFC 10-163] Analyzing VHDL file "C:/Users/Zach/Desktop/ComputerS/year2/semester II/Computer Architecture/MIPS16bits/MIPS16bits.srcs/sources_1/new/executeUnit.vhd" into library xil_defaultlib
INFO: [VRFC 10-3107] analyzing entity 'executeUnit'
INFO: [VRFC 10-163] Analyzing VHDL file "C:/Users/Zach/Desktop/ComputerS/year2/semester II/Computer Architecture/MIPS16bits/MIPS16bits.srcs/sources_1/new/instructionFetch.vhd" into library xil_defaultlib
INFO: [VRFC 10-3107] analyzing entity 'InstructionFetch'
INFO: [VRFC 10-163] Analyzing VHDL file "C:/Users/Zach/Desktop/ComputerS/year2/semester II/Computer Architecture/MIPS16bits/MIPS16bits.srcs/sources_1/new/mem.vhd" into library xil_defaultlib
INFO: [VRFC 10-3107] analyzing entity 'mem'
INFO: [VRFC 10-163] Analyzing VHDL file "C:/Users/Zach/Desktop/ComputerS/year2/semester II/Computer Architecture/MIPS16bits/MIPS16bits.srcs/sources_1/new/memory.vhd" into library xil_defaultlib
INFO: [VRFC 10-3107] analyzing entity 'memory'
INFO: [VRFC 10-163] Analyzing VHDL file "C:/Users/Zach/Desktop/ComputerS/year2/semester II/Computer Architecture/MIPS16bits/MIPS16bits.srcs/sources_1/new/registerFile.vhd" into library xil_defaultlib
INFO: [VRFC 10-3107] analyzing entity 'registerFile'
INFO: [VRFC 10-163] Analyzing VHDL file "C:/Users/Zach/Desktop/ComputerS/year2/semester II/Computer Architecture/MIPS16bits/MIPS16bits.srcs/sources_1/new/mip.vhd" into library xil_defaultlib
INFO: [VRFC 10-3107] analyzing entity 'mip'
