Copyright 1986-2022 Xilinx, Inc. All Rights Reserved.
------------------------------------------------------------------------------------------------
| Tool Version : Vivado v.2022.2 (win64) Build 3671981 Fri Oct 14 05:00:03 MDT 2022
| Date         : Mon May 27 18:04:58 2024
| Host         : DESKTOP-6I43JMK running 64-bit major release  (build 9200)
| Command      : report_drc -file mip_drc_opted.rpt -pb mip_drc_opted.pb -rpx mip_drc_opted.rpx
| Design       : mip
| Device       : xc7a35tcpg236-1
| Speed File   : -1
| Design State : Synthesized
------------------------------------------------------------------------------------------------

Report DRC

Table of Contents
-----------------
1. REPORT SUMMARY
2. REPORT DETAILS

1. REPORT SUMMARY
-----------------
            Netlist: netlist
          Floorplan: design_1
      Design limits: <entire design considered>
           Ruledeck: default
             Max violations: <unlimited>
             Violations found: 1
+-------------+----------+-------------------------------------------------------------+------------+
| Rule        | Severity | Description                                                 | Violations |
+-------------+----------+-------------------------------------------------------------+------------+
| PLHOLDVIO-2 | Warning  | Non-Optimal connections which could lead to hold violations | 1          |
+-------------+----------+-------------------------------------------------------------+------------+

2. REPORT DETAILS
-----------------
PLHOLDVIO-2#1 Warning
Non-Optimal connections which could lead to hold violations  
A LUT deb1/instr[11]_i_2 is driving clock pin of 22 cells. This could lead to large hold time violations. Involved cells are:
IFetch/mem/instr_reg[10], IFetch/mem/instr_reg[11],
IFetch/mem/instr_reg[2], IFetch/mem/instr_reg[5], IFetch/mem/instr_reg[7],
IFetch/mem/instr_reg[8], IFetch/pc_reg[0], IFetch/pc_reg[10],
IFetch/pc_reg[11], IFetch/pc_reg[12], IFetch/pc_reg[13], IFetch/pc_reg[14],
IFetch/pc_reg[15], IFetch/pc_reg[1], IFetch/pc_reg[2]
 (the first 15 of 22 listed)
Related violations: <none>


